This is pdfTeX, Version 3.14159265-2.6-1.40.17 (TeX Live 2016) (preloaded format=pdflatex 2017.4.3)  19 DEC 2017 07:44
entering extended mode
 \write18 enabled.
 file:line:error style messages enabled.
 %&-line parsing enabled.
**thesislide.tex
(./thesislide.tex
LaTeX2e <2017/01/01> patch level 3
Babel <3.9r> and hyphenation patterns for 83 language(s) loaded.
(/usr/local/texlive/2016/texmf-dist/tex/latex/beamer/beamer.cls
Document Class: beamer 2017/01/23 v3.41 A class for typesetting presentations
(/usr/local/texlive/2016/texmf-dist/tex/latex/etoolbox/etoolbox.sty
Package: etoolbox 2017/01/02 v2.4 e-TeX tools for LaTeX (JAW)
\etb@tempcnta=\count79
)
(/usr/local/texlive/2016/texmf-dist/tex/latex/beamer/beamerbasemodes.sty
\beamer@tempbox=\box26
\beamer@tempcount=\count80
\c@beamerpauses=\count81

(/usr/local/texlive/2016/texmf-dist/tex/latex/beamer/beamerbasedecode.sty
\beamer@slideinframe=\count82
\beamer@minimum=\count83
)
\beamer@commentbox=\box27
\beamer@modecount=\count84
)
(/usr/local/texlive/2016/texmf-dist/tex/generic/oberdiek/ifpdf.sty
Package: ifpdf 2017/03/15 v3.2 Provides the ifpdf switch
)
\headheight=\dimen102
\headdp=\dimen103
\footheight=\dimen104
\sidebarheight=\dimen105
\beamer@tempdim=\dimen106
\beamer@finalheight=\dimen107
\beamer@animht=\dimen108
\beamer@animdp=\dimen109
\beamer@animwd=\dimen110
\beamer@leftmargin=\dimen111
\beamer@rightmargin=\dimen112
\beamer@leftsidebar=\dimen113
\beamer@rightsidebar=\dimen114
\beamer@boxsize=\dimen115
\beamer@vboxoffset=\dimen116
\beamer@descdefault=\dimen117
\beamer@descriptionwidth=\dimen118
\beamer@lastskip=\skip41
\beamer@areabox=\box28
\beamer@animcurrent=\box29
\beamer@animshowbox=\box30
\beamer@sectionbox=\box31
\beamer@logobox=\box32
\beamer@linebox=\box33
\beamer@sectioncount=\count85
\beamer@subsubsectionmax=\count86
\beamer@subsectionmax=\count87
\beamer@sectionmax=\count88
\beamer@totalheads=\count89
\beamer@headcounter=\count90
\beamer@partstartpage=\count91
\beamer@sectionstartpage=\count92
\beamer@subsectionstartpage=\count93
\beamer@animationtempa=\count94
\beamer@animationtempb=\count95
\beamer@xpos=\count96
\beamer@ypos=\count97
\beamer@showpartnumber=\count98
\beamer@currentsubsection=\count99
\beamer@coveringdepth=\count100
\beamer@sectionadjust=\count101
\beamer@tocsectionnumber=\count102

(/usr/local/texlive/2016/texmf-dist/tex/latex/beamer/beamerbaseoptions.sty
(/usr/local/texlive/2016/texmf-dist/tex/latex/graphics/keyval.sty
Package: keyval 2014/10/28 v1.15 key=value parser (DPC)
\KV@toks@=\toks14
))
\beamer@paperwidth=\skip42
\beamer@paperheight=\skip43

(/usr/local/texlive/2016/texmf-dist/tex/latex/geometry/geometry.sty
Package: geometry 2010/09/12 v5.6 Page Geometry

(/usr/local/texlive/2016/texmf-dist/tex/generic/oberdiek/ifvtex.sty
Package: ifvtex 2016/05/16 v1.6 Detect VTeX and its facilities (HO)
Package ifvtex Info: VTeX not detected.
)
(/usr/local/texlive/2016/texmf-dist/tex/generic/ifxetex/ifxetex.sty
Package: ifxetex 2010/09/12 v0.6 Provides ifxetex conditional
)
\Gm@cnth=\count103
\Gm@cntv=\count104
\c@Gm@tempcnt=\count105
\Gm@bindingoffset=\dimen119
\Gm@wd@mp=\dimen120
\Gm@odd@mp=\dimen121
\Gm@even@mp=\dimen122
\Gm@layoutwidth=\dimen123
\Gm@layoutheight=\dimen124
\Gm@layouthoffset=\dimen125
\Gm@layoutvoffset=\dimen126
\Gm@dimlist=\toks15
)

Class beamer Warning: ``professionalfont'' is obsolete. Use font theme ``profes
sionalfonts'' instead on input line 350.

(/usr/local/texlive/2016/texmf-dist/tex/latex/base/size11.clo
File: size11.clo 2014/09/29 v1.4h Standard LaTeX file (size option)
)
(/usr/local/texlive/2016/texmf-dist/tex/latex/pgf/basiclayer/pgfcore.sty
(/usr/local/texlive/2016/texmf-dist/tex/latex/graphics/graphicx.sty
Package: graphicx 2014/10/28 v1.0g Enhanced LaTeX Graphics (DPC,SPQR)

(/usr/local/texlive/2016/texmf-dist/tex/latex/graphics/graphics.sty
Package: graphics 2016/10/09 v1.0u Standard LaTeX Graphics (DPC,SPQR)

(/usr/local/texlive/2016/texmf-dist/tex/latex/graphics/trig.sty
Package: trig 2016/01/03 v1.10 sin cos tan (DPC)
)
(/usr/local/texlive/2016/texmf-dist/tex/latex/graphics-cfg/graphics.cfg
File: graphics.cfg 2016/06/04 v1.11 sample graphics configuration
)
Package graphics Info: Driver file: pdftex.def on input line 99.

(/usr/local/texlive/2016/texmf-dist/tex/latex/graphics-def/pdftex.def
File: pdftex.def 2017/01/12 v0.06k Graphics/color for pdfTeX

(/usr/local/texlive/2016/texmf-dist/tex/generic/oberdiek/infwarerr.sty
Package: infwarerr 2016/05/16 v1.4 Providing info/warning/error messages (HO)
)
(/usr/local/texlive/2016/texmf-dist/tex/generic/oberdiek/ltxcmds.sty
Package: ltxcmds 2016/05/16 v1.23 LaTeX kernel commands for general use (HO)
)
\Gread@gobject=\count106
))
\Gin@req@height=\dimen127
\Gin@req@width=\dimen128
)
(/usr/local/texlive/2016/texmf-dist/tex/latex/pgf/systemlayer/pgfsys.sty
(/usr/local/texlive/2016/texmf-dist/tex/latex/pgf/utilities/pgfrcs.sty
(/usr/local/texlive/2016/texmf-dist/tex/generic/pgf/utilities/pgfutil-common.te
x
\pgfutil@everybye=\toks16
\pgfutil@tempdima=\dimen129
\pgfutil@tempdimb=\dimen130

(/usr/local/texlive/2016/texmf-dist/tex/generic/pgf/utilities/pgfutil-common-li
sts.tex))
(/usr/local/texlive/2016/texmf-dist/tex/generic/pgf/utilities/pgfutil-latex.def
\pgfutil@abb=\box34
(/usr/local/texlive/2016/texmf-dist/tex/latex/ms/everyshi.sty
Package: everyshi 2001/05/15 v3.00 EveryShipout Package (MS)
))
(/usr/local/texlive/2016/texmf-dist/tex/generic/pgf/utilities/pgfrcs.code.tex
Package: pgfrcs 2015/08/07 v3.0.1a (rcs-revision 1.31)
))
(/usr/local/texlive/2016/texmf-dist/tex/generic/pgf/systemlayer/pgfsys.code.tex
Package: pgfsys 2014/07/09 v3.0.1a (rcs-revision 1.48)
(/usr/local/texlive/2016/texmf-dist/tex/generic/pgf/utilities/pgfkeys.code.tex
\pgfkeys@pathtoks=\toks17
\pgfkeys@temptoks=\toks18

(/usr/local/texlive/2016/texmf-dist/tex/generic/pgf/utilities/pgfkeysfiltered.c
ode.tex
\pgfkeys@tmptoks=\toks19
))
\pgf@x=\dimen131
\pgf@y=\dimen132
\pgf@xa=\dimen133
\pgf@ya=\dimen134
\pgf@xb=\dimen135
\pgf@yb=\dimen136
\pgf@xc=\dimen137
\pgf@yc=\dimen138
\w@pgf@writea=\write3
\r@pgf@reada=\read1
\c@pgf@counta=\count107
\c@pgf@countb=\count108
\c@pgf@countc=\count109
\c@pgf@countd=\count110
\t@pgf@toka=\toks20
\t@pgf@tokb=\toks21
\t@pgf@tokc=\toks22

(/usr/local/texlive/2016/texmf-dist/tex/generic/pgf/systemlayer/pgf.cfg
File: pgf.cfg 2008/05/14  (rcs-revision 1.7)
)
Driver file for pgf: pgfsys-pdftex.def

(/usr/local/texlive/2016/texmf-dist/tex/generic/pgf/systemlayer/pgfsys-pdftex.d
ef
File: pgfsys-pdftex.def 2014/10/11  (rcs-revision 1.35)

(/usr/local/texlive/2016/texmf-dist/tex/generic/pgf/systemlayer/pgfsys-common-p
df.def
File: pgfsys-common-pdf.def 2013/10/10  (rcs-revision 1.13)
)))
(/usr/local/texlive/2016/texmf-dist/tex/generic/pgf/systemlayer/pgfsyssoftpath.
code.tex
File: pgfsyssoftpath.code.tex 2013/09/09  (rcs-revision 1.9)
\pgfsyssoftpath@smallbuffer@items=\count111
\pgfsyssoftpath@bigbuffer@items=\count112
)
(/usr/local/texlive/2016/texmf-dist/tex/generic/pgf/systemlayer/pgfsysprotocol.
code.tex
File: pgfsysprotocol.code.tex 2006/10/16  (rcs-revision 1.4)
)) (/usr/local/texlive/2016/texmf-dist/tex/latex/xcolor/xcolor.sty
Package: xcolor 2016/05/11 v2.12 LaTeX color extensions (UK)

(/usr/local/texlive/2016/texmf-dist/tex/latex/graphics-cfg/color.cfg
File: color.cfg 2016/01/02 v1.6 sample color configuration
)
Package xcolor Info: Driver file: pdftex.def on input line 225.
Package xcolor Info: Model `cmy' substituted by `cmy0' on input line 1348.
Package xcolor Info: Model `hsb' substituted by `rgb' on input line 1352.
Package xcolor Info: Model `RGB' extended on input line 1364.
Package xcolor Info: Model `HTML' substituted by `rgb' on input line 1366.
Package xcolor Info: Model `Hsb' substituted by `hsb' on input line 1367.
Package xcolor Info: Model `tHsb' substituted by `hsb' on input line 1368.
Package xcolor Info: Model `HSB' substituted by `hsb' on input line 1369.
Package xcolor Info: Model `Gray' substituted by `gray' on input line 1370.
Package xcolor Info: Model `wave' substituted by `hsb' on input line 1371.
)
(/usr/local/texlive/2016/texmf-dist/tex/generic/pgf/basiclayer/pgfcore.code.tex
Package: pgfcore 2010/04/11 v3.0.1a (rcs-revision 1.7)
(/usr/local/texlive/2016/texmf-dist/tex/generic/pgf/math/pgfmath.code.tex
(/usr/local/texlive/2016/texmf-dist/tex/generic/pgf/math/pgfmathcalc.code.tex
(/usr/local/texlive/2016/texmf-dist/tex/generic/pgf/math/pgfmathutil.code.tex)
(/usr/local/texlive/2016/texmf-dist/tex/generic/pgf/math/pgfmathparser.code.tex
\pgfmath@dimen=\dimen139
\pgfmath@count=\count113
\pgfmath@box=\box35
\pgfmath@toks=\toks23
\pgfmath@stack@operand=\toks24
\pgfmath@stack@operation=\toks25
)
(/usr/local/texlive/2016/texmf-dist/tex/generic/pgf/math/pgfmathfunctions.code.
tex
(/usr/local/texlive/2016/texmf-dist/tex/generic/pgf/math/pgfmathfunctions.basic
.code.tex)
(/usr/local/texlive/2016/texmf-dist/tex/generic/pgf/math/pgfmathfunctions.trigo
nometric.code.tex)
(/usr/local/texlive/2016/texmf-dist/tex/generic/pgf/math/pgfmathfunctions.rando
m.code.tex)
(/usr/local/texlive/2016/texmf-dist/tex/generic/pgf/math/pgfmathfunctions.compa
rison.code.tex)
(/usr/local/texlive/2016/texmf-dist/tex/generic/pgf/math/pgfmathfunctions.base.
code.tex)
(/usr/local/texlive/2016/texmf-dist/tex/generic/pgf/math/pgfmathfunctions.round
.code.tex)
(/usr/local/texlive/2016/texmf-dist/tex/generic/pgf/math/pgfmathfunctions.misc.
code.tex)
(/usr/local/texlive/2016/texmf-dist/tex/generic/pgf/math/pgfmathfunctions.integ
erarithmetics.code.tex)))
(/usr/local/texlive/2016/texmf-dist/tex/generic/pgf/math/pgfmathfloat.code.tex
\c@pgfmathroundto@lastzeros=\count114
))
(/usr/local/texlive/2016/texmf-dist/tex/generic/pgf/basiclayer/pgfcorepoints.co
de.tex
File: pgfcorepoints.code.tex 2013/10/07  (rcs-revision 1.27)
\pgf@picminx=\dimen140
\pgf@picmaxx=\dimen141
\pgf@picminy=\dimen142
\pgf@picmaxy=\dimen143
\pgf@pathminx=\dimen144
\pgf@pathmaxx=\dimen145
\pgf@pathminy=\dimen146
\pgf@pathmaxy=\dimen147
\pgf@xx=\dimen148
\pgf@xy=\dimen149
\pgf@yx=\dimen150
\pgf@yy=\dimen151
\pgf@zx=\dimen152
\pgf@zy=\dimen153
)
(/usr/local/texlive/2016/texmf-dist/tex/generic/pgf/basiclayer/pgfcorepathconst
ruct.code.tex
File: pgfcorepathconstruct.code.tex 2013/10/07  (rcs-revision 1.29)
\pgf@path@lastx=\dimen154
\pgf@path@lasty=\dimen155
)
(/usr/local/texlive/2016/texmf-dist/tex/generic/pgf/basiclayer/pgfcorepathusage
.code.tex
File: pgfcorepathusage.code.tex 2014/11/02  (rcs-revision 1.24)
\pgf@shorten@end@additional=\dimen156
\pgf@shorten@start@additional=\dimen157
)
(/usr/local/texlive/2016/texmf-dist/tex/generic/pgf/basiclayer/pgfcorescopes.co
de.tex
File: pgfcorescopes.code.tex 2015/05/08  (rcs-revision 1.46)
\pgfpic=\box36
\pgf@hbox=\box37
\pgf@layerbox@main=\box38
\pgf@picture@serial@count=\count115
)
(/usr/local/texlive/2016/texmf-dist/tex/generic/pgf/basiclayer/pgfcoregraphicst
ate.code.tex
File: pgfcoregraphicstate.code.tex 2014/11/02  (rcs-revision 1.12)
\pgflinewidth=\dimen158
)
(/usr/local/texlive/2016/texmf-dist/tex/generic/pgf/basiclayer/pgfcoretransform
ations.code.tex
File: pgfcoretransformations.code.tex 2015/08/07  (rcs-revision 1.20)
\pgf@pt@x=\dimen159
\pgf@pt@y=\dimen160
\pgf@pt@temp=\dimen161
)
(/usr/local/texlive/2016/texmf-dist/tex/generic/pgf/basiclayer/pgfcorequick.cod
e.tex
File: pgfcorequick.code.tex 2008/10/09  (rcs-revision 1.3)
)
(/usr/local/texlive/2016/texmf-dist/tex/generic/pgf/basiclayer/pgfcoreobjects.c
ode.tex
File: pgfcoreobjects.code.tex 2006/10/11  (rcs-revision 1.2)
)
(/usr/local/texlive/2016/texmf-dist/tex/generic/pgf/basiclayer/pgfcorepathproce
ssing.code.tex
File: pgfcorepathprocessing.code.tex 2013/09/09  (rcs-revision 1.9)
)
(/usr/local/texlive/2016/texmf-dist/tex/generic/pgf/basiclayer/pgfcorearrows.co
de.tex
File: pgfcorearrows.code.tex 2015/05/14  (rcs-revision 1.43)
\pgfarrowsep=\dimen162
)
(/usr/local/texlive/2016/texmf-dist/tex/generic/pgf/basiclayer/pgfcoreshade.cod
e.tex
File: pgfcoreshade.code.tex 2013/07/15  (rcs-revision 1.15)
\pgf@max=\dimen163
\pgf@sys@shading@range@num=\count116
)
(/usr/local/texlive/2016/texmf-dist/tex/generic/pgf/basiclayer/pgfcoreimage.cod
e.tex
File: pgfcoreimage.code.tex 2013/07/15  (rcs-revision 1.18)

(/usr/local/texlive/2016/texmf-dist/tex/generic/pgf/basiclayer/pgfcoreexternal.
code.tex
File: pgfcoreexternal.code.tex 2014/07/09  (rcs-revision 1.21)
\pgfexternal@startupbox=\box39
))
(/usr/local/texlive/2016/texmf-dist/tex/generic/pgf/basiclayer/pgfcorelayers.co
de.tex
File: pgfcorelayers.code.tex 2013/07/18  (rcs-revision 1.7)
)
(/usr/local/texlive/2016/texmf-dist/tex/generic/pgf/basiclayer/pgfcoretranspare
ncy.code.tex
File: pgfcoretransparency.code.tex 2013/09/30  (rcs-revision 1.5)
)
(/usr/local/texlive/2016/texmf-dist/tex/generic/pgf/basiclayer/pgfcorepatterns.
code.tex
File: pgfcorepatterns.code.tex 2013/11/07  (rcs-revision 1.5)
)))
(/usr/local/texlive/2016/texmf-dist/tex/latex/pgf/utilities/xxcolor.sty
Package: xxcolor 2003/10/24 ver 0.1
\XC@nummixins=\count117
\XC@countmixins=\count118
)
(/usr/local/texlive/2016/texmf-dist/tex/generic/oberdiek/atbegshi.sty
Package: atbegshi 2016/06/09 v1.18 At begin shipout hook (HO)
)
(/usr/local/texlive/2016/texmf-dist/tex/latex/hyperref/hyperref.sty
Package: hyperref 2017/03/14 v6.85a Hypertext links for LaTeX

(/usr/local/texlive/2016/texmf-dist/tex/generic/oberdiek/hobsub-hyperref.sty
Package: hobsub-hyperref 2016/05/16 v1.14 Bundle oberdiek, subset hyperref (HO)


(/usr/local/texlive/2016/texmf-dist/tex/generic/oberdiek/hobsub-generic.sty
Package: hobsub-generic 2016/05/16 v1.14 Bundle oberdiek, subset generic (HO)
Package: hobsub 2016/05/16 v1.14 Construct package bundles (HO)
Package hobsub Info: Skipping package `infwarerr' (already loaded).
Package hobsub Info: Skipping package `ltxcmds' (already loaded).
Package: ifluatex 2016/05/16 v1.4 Provides the ifluatex switch (HO)
Package ifluatex Info: LuaTeX not detected.
Package hobsub Info: Skipping package `ifvtex' (already loaded).
Package: intcalc 2016/05/16 v1.2 Expandable calculations with integers (HO)
Package hobsub Info: Skipping package `ifpdf' (already loaded).
Package: etexcmds 2016/05/16 v1.6 Avoid name clashes with e-TeX commands (HO)
Package etexcmds Info: Could not find \expanded.
(etexcmds)             That can mean that you are not using pdfTeX 1.50 or
(etexcmds)             that some package has redefined \expanded.
(etexcmds)             In the latter case, load this package earlier.
Package: kvsetkeys 2016/05/16 v1.17 Key value parser (HO)
Package: kvdefinekeys 2016/05/16 v1.4 Define keys (HO)
Package: pdftexcmds 2017/03/19 v0.25 Utility functions of pdfTeX for LuaTeX (HO
)
Package pdftexcmds Info: LuaTeX not detected.
Package pdftexcmds Info: \pdf@primitive is available.
Package pdftexcmds Info: \pdf@ifprimitive is available.
Package pdftexcmds Info: \pdfdraftmode found.
Package: pdfescape 2016/05/16 v1.14 Implements pdfTeX's escape features (HO)
Package: bigintcalc 2016/05/16 v1.4 Expandable calculations on big integers (HO
)
Package: bitset 2016/05/16 v1.2 Handle bit-vector datatype (HO)
Package: uniquecounter 2016/05/16 v1.3 Provide unlimited unique counter (HO)
)
Package hobsub Info: Skipping package `hobsub' (already loaded).
Package: letltxmacro 2016/05/16 v1.5 Let assignment for LaTeX macros (HO)
Package: hopatch 2016/05/16 v1.3 Wrapper for package hooks (HO)
Package: xcolor-patch 2016/05/16 xcolor patch
Package: atveryend 2016/05/16 v1.9 Hooks at the very end of document (HO)
Package hobsub Info: Skipping package `atbegshi' (already loaded).
Package: refcount 2016/05/16 v3.5 Data extraction from label references (HO)
Package: hycolor 2016/05/16 v1.8 Color options for hyperref/bookmark (HO)
)
(/usr/local/texlive/2016/texmf-dist/tex/latex/oberdiek/auxhook.sty
Package: auxhook 2016/05/16 v1.4 Hooks for auxiliary files (HO)
)
(/usr/local/texlive/2016/texmf-dist/tex/latex/oberdiek/kvoptions.sty
Package: kvoptions 2016/05/16 v3.12 Key value format for package options (HO)
)
\@linkdim=\dimen164
\Hy@linkcounter=\count119
\Hy@pagecounter=\count120

(/usr/local/texlive/2016/texmf-dist/tex/latex/hyperref/pd1enc.def
File: pd1enc.def 2017/03/14 v6.85a Hyperref: PDFDocEncoding definition (HO)
)
\Hy@SavedSpaceFactor=\count121

(/usr/local/texlive/2016/texmf-dist/tex/latex/latexconfig/hyperref.cfg
File: hyperref.cfg 2002/06/06 v1.2 hyperref configuration of TeXLive
)
Package hyperref Info: Option `bookmarks' set `true' on input line 4374.
Package hyperref Info: Option `bookmarksopen' set `true' on input line 4374.
Package hyperref Info: Option `implicit' set `false' on input line 4374.
Package hyperref Info: Hyper figures OFF on input line 4498.
Package hyperref Info: Link nesting OFF on input line 4503.
Package hyperref Info: Hyper index ON on input line 4506.
Package hyperref Info: Plain pages OFF on input line 4513.
Package hyperref Info: Backreferencing OFF on input line 4518.
Package hyperref Info: Implicit mode OFF; no redefinition of LaTeX internals.
Package hyperref Info: Bookmarks ON on input line 4751.
\c@Hy@tempcnt=\count122

(/usr/local/texlive/2016/texmf-dist/tex/latex/url/url.sty
\Urlmuskip=\muskip10
Package: url 2013/09/16  ver 3.4  Verb mode for urls, etc.
)
LaTeX Info: Redefining \url on input line 5104.
\XeTeXLinkMargin=\dimen165
\Fld@menulength=\count123
\Field@Width=\dimen166
\Fld@charsize=\dimen167
Package hyperref Info: Hyper figures OFF on input line 6358.
Package hyperref Info: Link nesting OFF on input line 6363.
Package hyperref Info: Hyper index ON on input line 6366.
Package hyperref Info: backreferencing OFF on input line 6373.
Package hyperref Info: Link coloring OFF on input line 6378.
Package hyperref Info: Link coloring with OCG OFF on input line 6383.
Package hyperref Info: PDF/A mode OFF on input line 6388.
LaTeX Info: Redefining \ref on input line 6428.
LaTeX Info: Redefining \pageref on input line 6432.
\Hy@abspage=\count124


Package hyperref Message: Stopped early.

)

Package hyperref Message: Driver (autodetected): hpdftex.

(/usr/local/texlive/2016/texmf-dist/tex/latex/hyperref/hpdftex.def
File: hpdftex.def 2017/03/14 v6.85a Hyperref driver for pdfTeX
\Fld@listcount=\count125
\c@bookmark@seq@number=\count126

(/usr/local/texlive/2016/texmf-dist/tex/latex/oberdiek/rerunfilecheck.sty
Package: rerunfilecheck 2016/05/16 v1.8 Rerun checks for auxiliary files (HO)
Package uniquecounter Info: New unique counter `rerunfilecheck' on input line 2
82.
))
(/usr/local/texlive/2016/texmf-dist/tex/latex/beamer/beamerbaserequires.sty
(/usr/local/texlive/2016/texmf-dist/tex/latex/beamer/beamerbasecompatibility.st
y) (/usr/local/texlive/2016/texmf-dist/tex/latex/beamer/beamerbasefont.sty
(/usr/local/texlive/2016/texmf-dist/tex/latex/amsfonts/amssymb.sty
Package: amssymb 2013/01/14 v3.01 AMS font symbols

(/usr/local/texlive/2016/texmf-dist/tex/latex/amsfonts/amsfonts.sty
Package: amsfonts 2013/01/14 v3.01 Basic AMSFonts support
\@emptytoks=\toks26
\symAMSa=\mathgroup4
\symAMSb=\mathgroup5
LaTeX Font Info:    Overwriting math alphabet `\mathfrak' in version `bold'
(Font)                  U/euf/m/n --> U/euf/b/n on input line 106.
))
(/usr/local/texlive/2016/texmf-dist/tex/latex/sansmathaccent/sansmathaccent.sty
Package: sansmathaccent 2013/03/28
(/usr/local/texlive/2016/texmf-dist/tex/latex/filehook/filehook.sty
Package: filehook 2011/10/12 v0.5d Hooks for input files
)))
(/usr/local/texlive/2016/texmf-dist/tex/latex/beamer/beamerbasetranslator.sty
(/usr/local/texlive/2016/texmf-dist/tex/latex/beamer/translator/translator.sty
Package: translator 2010/06/12 ver 1.10

(/usr/local/texlive/2016/texmf-dist/tex/latex/beamer/translator/translator-lang
uage-mappings.tex)))
(/usr/local/texlive/2016/texmf-dist/tex/latex/beamer/beamerbasemisc.sty)
(/usr/local/texlive/2016/texmf-dist/tex/latex/beamer/beamerbasetwoscreens.sty)
(/usr/local/texlive/2016/texmf-dist/tex/latex/beamer/beamerbaseoverlay.sty
\beamer@argscount=\count127
\beamer@lastskipcover=\skip44
\beamer@trivlistdepth=\count128
)
(/usr/local/texlive/2016/texmf-dist/tex/latex/beamer/beamerbasetitle.sty)
(/usr/local/texlive/2016/texmf-dist/tex/latex/beamer/beamerbasesection.sty
\c@lecture=\count129
\c@part=\count130
\c@section=\count131
\c@subsection=\count132
\c@subsubsection=\count133
)
(/usr/local/texlive/2016/texmf-dist/tex/latex/beamer/beamerbaseframe.sty
\beamer@framebox=\box40
\beamer@frametitlebox=\box41
\beamer@zoombox=\box42
\beamer@zoomcount=\count134
\beamer@zoomframecount=\count135
\beamer@frametextheight=\dimen168
\c@subsectionslide=\count136
\beamer@frametopskip=\skip45
\beamer@framebottomskip=\skip46
\beamer@frametopskipautobreak=\skip47
\beamer@framebottomskipautobreak=\skip48
\beamer@envbody=\toks27
\framewidth=\dimen169
\c@framenumber=\count137
)
(/usr/local/texlive/2016/texmf-dist/tex/latex/beamer/beamerbaseverbatim.sty
\beamer@verbatimfileout=\write4
)
(/usr/local/texlive/2016/texmf-dist/tex/latex/beamer/beamerbaseframesize.sty
\beamer@splitbox=\box43
\beamer@autobreakcount=\count138
\beamer@autobreaklastheight=\dimen170
\beamer@frametitletoks=\toks28
\beamer@framesubtitletoks=\toks29
)
(/usr/local/texlive/2016/texmf-dist/tex/latex/beamer/beamerbaseframecomponents.
sty
\beamer@footins=\box44
) (/usr/local/texlive/2016/texmf-dist/tex/latex/beamer/beamerbasecolor.sty)
(/usr/local/texlive/2016/texmf-dist/tex/latex/beamer/beamerbasenotes.sty
\beamer@frameboxcopy=\box45
)
(/usr/local/texlive/2016/texmf-dist/tex/latex/beamer/beamerbasetoc.sty)
(/usr/local/texlive/2016/texmf-dist/tex/latex/beamer/beamerbasetemplates.sty
\beamer@sbttoks=\toks30

(/usr/local/texlive/2016/texmf-dist/tex/latex/beamer/beamerbaseauxtemplates.sty
(/usr/local/texlive/2016/texmf-dist/tex/latex/beamer/beamerbaseboxes.sty
\bmb@box=\box46
\bmb@colorbox=\box47
\bmb@boxshadow=\box48
\bmb@boxshadowball=\box49
\bmb@boxshadowballlarge=\box50
\bmb@temp=\dimen171
\bmb@dima=\dimen172
\bmb@dimb=\dimen173
\bmb@prevheight=\dimen174
)
\beamer@blockheadheight=\dimen175
))
(/usr/local/texlive/2016/texmf-dist/tex/latex/beamer/beamerbaselocalstructure.s
ty (/usr/local/texlive/2016/texmf-dist/tex/latex/tools/enumerate.sty
Package: enumerate 2015/07/23 v3.00 enumerate extensions (DPC)
\@enLab=\toks31
)
\c@figure=\count139
\c@table=\count140
\abovecaptionskip=\skip49
\belowcaptionskip=\skip50
)
(/usr/local/texlive/2016/texmf-dist/tex/latex/beamer/beamerbasenavigation.sty
\beamer@section@min@dim=\dimen176
)
(/usr/local/texlive/2016/texmf-dist/tex/latex/beamer/beamerbasetheorems.sty
(/usr/local/texlive/2016/texmf-dist/tex/latex/amsmath/amsmath.sty
Package: amsmath 2016/11/05 v2.16a AMS math features
\@mathmargin=\skip51

For additional information on amsmath, use the `?' option.
(/usr/local/texlive/2016/texmf-dist/tex/latex/amsmath/amstext.sty
Package: amstext 2000/06/29 v2.01 AMS text

(/usr/local/texlive/2016/texmf-dist/tex/latex/amsmath/amsgen.sty
File: amsgen.sty 1999/11/30 v2.0 generic functions
\@emptytoks=\toks32
\ex@=\dimen177
))
(/usr/local/texlive/2016/texmf-dist/tex/latex/amsmath/amsbsy.sty
Package: amsbsy 1999/11/29 v1.2d Bold Symbols
\pmbraise@=\dimen178
)
(/usr/local/texlive/2016/texmf-dist/tex/latex/amsmath/amsopn.sty
Package: amsopn 2016/03/08 v2.02 operator names
)
\inf@bad=\count141
LaTeX Info: Redefining \frac on input line 213.
\uproot@=\count142
\leftroot@=\count143
LaTeX Info: Redefining \overline on input line 375.
\classnum@=\count144
\DOTSCASE@=\count145
LaTeX Info: Redefining \ldots on input line 472.
LaTeX Info: Redefining \dots on input line 475.
LaTeX Info: Redefining \cdots on input line 596.
\Mathstrutbox@=\box51
\strutbox@=\box52
\big@size=\dimen179
LaTeX Font Info:    Redeclaring font encoding OML on input line 712.
LaTeX Font Info:    Redeclaring font encoding OMS on input line 713.
\macc@depth=\count146
\c@MaxMatrixCols=\count147
\dotsspace@=\muskip11
\c@parentequation=\count148
\dspbrk@lvl=\count149
\tag@help=\toks33
\row@=\count150
\column@=\count151
\maxfields@=\count152
\andhelp@=\toks34
\eqnshift@=\dimen180
\alignsep@=\dimen181
\tagshift@=\dimen182
\tagwidth@=\dimen183
\totwidth@=\dimen184
\lineht@=\dimen185
\@envbody=\toks35
\multlinegap=\skip52
\multlinetaggap=\skip53
\mathdisplay@stack=\toks36
LaTeX Info: Redefining \[ on input line 2817.
LaTeX Info: Redefining \] on input line 2818.
)
(/usr/local/texlive/2016/texmf-dist/tex/latex/amscls/amsthm.sty
Package: amsthm 2015/03/04 v2.20.2
\thm@style=\toks37
\thm@bodyfont=\toks38
\thm@headfont=\toks39
\thm@notefont=\toks40
\thm@headpunct=\toks41
\thm@preskip=\skip54
\thm@postskip=\skip55
\thm@headsep=\skip56
\dth@everypar=\toks42
)
\c@theorem=\count153
)
(/usr/local/texlive/2016/texmf-dist/tex/latex/beamer/beamerbasethemes.sty))
(/usr/local/texlive/2016/texmf-dist/tex/latex/beamer/themes/theme/beamerthemede
fault.sty
(/usr/local/texlive/2016/texmf-dist/tex/latex/beamer/themes/font/beamerfontthem
edefault.sty)
(/usr/local/texlive/2016/texmf-dist/tex/latex/beamer/themes/color/beamercolorth
emedefault.sty)
(/usr/local/texlive/2016/texmf-dist/tex/latex/beamer/themes/inner/beamerinnerth
emedefault.sty
\beamer@dima=\dimen186
\beamer@dimb=\dimen187
)
(/usr/local/texlive/2016/texmf-dist/tex/latex/beamer/themes/outer/beamerouterth
emedefault.sty)))
(/usr/local/texlive/2016/texmf-dist/tex/latex/base/fontenc.sty
Package: fontenc 2017/02/22 v2.0g Standard LaTeX package

(/usr/local/texlive/2016/texmf-dist/tex/latex/base/t1enc.def
File: t1enc.def 2017/02/22 v2.0g Standard LaTeX file
LaTeX Font Info:    Redeclaring font encoding T1 on input line 48.
))
(/usr/local/texlive/2016/texmf-dist/tex/latex/pgf/frontendlayer/tikz.sty
(/usr/local/texlive/2016/texmf-dist/tex/latex/pgf/basiclayer/pgf.sty
Package: pgf 2015/08/07 v3.0.1a (rcs-revision 1.15)

(/usr/local/texlive/2016/texmf-dist/tex/generic/pgf/modules/pgfmoduleshapes.cod
e.tex
File: pgfmoduleshapes.code.tex 2014/03/21  (rcs-revision 1.35)
\pgfnodeparttextbox=\box53
)
(/usr/local/texlive/2016/texmf-dist/tex/generic/pgf/modules/pgfmoduleplot.code.
tex
File: pgfmoduleplot.code.tex 2015/08/03  (rcs-revision 1.13)
)
(/usr/local/texlive/2016/texmf-dist/tex/latex/pgf/compatibility/pgfcomp-version
-0-65.sty
Package: pgfcomp-version-0-65 2007/07/03 v3.0.1a (rcs-revision 1.7)
\pgf@nodesepstart=\dimen188
\pgf@nodesepend=\dimen189
)
(/usr/local/texlive/2016/texmf-dist/tex/latex/pgf/compatibility/pgfcomp-version
-1-18.sty
Package: pgfcomp-version-1-18 2007/07/23 v3.0.1a (rcs-revision 1.1)
))
(/usr/local/texlive/2016/texmf-dist/tex/latex/pgf/utilities/pgffor.sty
(/usr/local/texlive/2016/texmf-dist/tex/latex/pgf/utilities/pgfkeys.sty
(/usr/local/texlive/2016/texmf-dist/tex/generic/pgf/utilities/pgfkeys.code.tex)
) (/usr/local/texlive/2016/texmf-dist/tex/latex/pgf/math/pgfmath.sty
(/usr/local/texlive/2016/texmf-dist/tex/generic/pgf/math/pgfmath.code.tex))
(/usr/local/texlive/2016/texmf-dist/tex/generic/pgf/utilities/pgffor.code.tex
Package: pgffor 2013/12/13 v3.0.1a (rcs-revision 1.25)

(/usr/local/texlive/2016/texmf-dist/tex/generic/pgf/math/pgfmath.code.tex)
\pgffor@iter=\dimen190
\pgffor@skip=\dimen191
\pgffor@stack=\toks43
\pgffor@toks=\toks44
))
(/usr/local/texlive/2016/texmf-dist/tex/generic/pgf/frontendlayer/tikz/tikz.cod
e.tex
Package: tikz 2015/08/07 v3.0.1a (rcs-revision 1.151)

(/usr/local/texlive/2016/texmf-dist/tex/generic/pgf/libraries/pgflibraryplothan
dlers.code.tex
File: pgflibraryplothandlers.code.tex 2013/08/31 v3.0.1a (rcs-revision 1.20)
\pgf@plot@mark@count=\count154
\pgfplotmarksize=\dimen192
)
\tikz@lastx=\dimen193
\tikz@lasty=\dimen194
\tikz@lastxsaved=\dimen195
\tikz@lastysaved=\dimen196
\tikzleveldistance=\dimen197
\tikzsiblingdistance=\dimen198
\tikz@figbox=\box54
\tikz@figbox@bg=\box55
\tikz@tempbox=\box56
\tikz@tempbox@bg=\box57
\tikztreelevel=\count155
\tikznumberofchildren=\count156
\tikznumberofcurrentchild=\count157
\tikz@fig@count=\count158

(/usr/local/texlive/2016/texmf-dist/tex/generic/pgf/modules/pgfmodulematrix.cod
e.tex
File: pgfmodulematrix.code.tex 2013/09/17  (rcs-revision 1.8)
\pgfmatrixcurrentrow=\count159
\pgfmatrixcurrentcolumn=\count160
\pgf@matrix@numberofcolumns=\count161
)
\tikz@expandcount=\count162

(/usr/local/texlive/2016/texmf-dist/tex/generic/pgf/frontendlayer/tikz/librarie
s/tikzlibrarytopaths.code.tex
File: tikzlibrarytopaths.code.tex 2008/06/17 v3.0.1a (rcs-revision 1.2)
)))
(/usr/local/texlive/2016/texmf-dist/tex/latex/algorithms/algorithm.sty
Package: algorithm 2009/08/24 v0.1 Document Style `algorithm' - floating enviro
nment

(/usr/local/texlive/2016/texmf-dist/tex/latex/float/float.sty
Package: float 2001/11/08 v1.3d Float enhancements (AL)
\c@float@type=\count163
\float@exts=\toks45
\float@box=\box58
\@float@everytoks=\toks46
\@floatcapt=\box59
)
(/usr/local/texlive/2016/texmf-dist/tex/latex/base/ifthen.sty
Package: ifthen 2014/09/29 v1.1c Standard LaTeX ifthen package (DPC)
)
\@float@every@algorithm=\toks47
\c@algorithm=\count164
)
(/usr/local/texlive/2016/texmf-dist/tex/latex/algorithmicx/algpseudocode.sty
Package: algpseudocode 

(/usr/local/texlive/2016/texmf-dist/tex/latex/algorithmicx/algorithmicx.sty
Package: algorithmicx 2005/04/27 v1.2 Algorithmicx

Document Style algorithmicx 1.2 - a greatly improved `algorithmic' style
\c@ALG@line=\count165
\c@ALG@rem=\count166
\c@ALG@nested=\count167
\ALG@tlm=\skip57
\ALG@thistlm=\skip58
\c@ALG@Lnr=\count168
\c@ALG@blocknr=\count169
\c@ALG@storecount=\count170
\c@ALG@tmpcounter=\count171
\ALG@tmplength=\skip59
)
Document Style - pseudocode environments for use with the `algorithmicx' style
) (/usr/local/texlive/2016/texmf-dist/tex/latex/adjustbox/adjustbox.sty
Package: adjustbox 2012/05/21 v1.0 Adjusting TeX boxes (trim, clip, ...)

(/usr/local/texlive/2016/texmf-dist/tex/latex/xkeyval/xkeyval.sty
Package: xkeyval 2014/12/03 v2.7a package option processing (HA)

(/usr/local/texlive/2016/texmf-dist/tex/generic/xkeyval/xkeyval.tex
(/usr/local/texlive/2016/texmf-dist/tex/generic/xkeyval/xkvutils.tex
\XKV@toks=\toks48
\XKV@tempa@toks=\toks49
)
\XKV@depth=\count172
File: xkeyval.tex 2014/12/03 v2.7a key=value parser (HA)
))
(/usr/local/texlive/2016/texmf-dist/tex/latex/adjustbox/adjcalc.sty
Package: adjcalc 2012/05/16 v1.1 Provides advanced setlength with multiple back
-ends (calc, etex, pgfmath)
)
(/usr/local/texlive/2016/texmf-dist/tex/latex/adjustbox/trimclip.sty
Package: trimclip 2012/05/16 v1.0 Trim and clip general TeX material

(/usr/local/texlive/2016/texmf-dist/tex/latex/collectbox/collectbox.sty
Package: collectbox 2012/05/17 v0.4b Collect macro arguments as boxes
\collectedbox=\box60
)
\tc@llx=\dimen199
\tc@lly=\dimen256
\tc@urx=\dimen257
\tc@ury=\dimen258
Package trimclip Info: Using driver 'tc-pdftex.def'.

(/usr/local/texlive/2016/texmf-dist/tex/latex/adjustbox/tc-pdftex.def
File: tc-pdftex.def 2012/05/13 v1.0 Clipping driver for pdftex
))
\adjbox@Width=\dimen259
\adjbox@Height=\dimen260
\adjbox@Depth=\dimen261
\adjbox@Totalheight=\dimen262

(/usr/local/texlive/2016/texmf-dist/tex/latex/ifoddpage/ifoddpage.sty
Package: ifoddpage 2016/04/23 v1.1 Conditionals for odd/even page detection
\c@checkoddpage=\count173
)
(/usr/local/texlive/2016/texmf-dist/tex/latex/varwidth/varwidth.sty
Package: varwidth 2009/03/30 ver 0.92;  Variable-width minipages
\@vwid@box=\box61
\sift@deathcycles=\count174
\@vwid@loff=\dimen263
\@vwid@roff=\dimen264
))

Package hyperref Warning: Token not allowed in a PDF string (PDFDocEncoding):
(hyperref)                removing `\\' on input line 28.


Package hyperref Warning: Token not allowed in a PDF string (PDFDocEncoding):
(hyperref)                removing `\new@ifnextchar' on input line 28.


Package hyperref Warning: Token not allowed in a PDF string (PDFDocEncoding):
(hyperref)                removing `\begingroup' on input line 28.


Package hyperref Warning: Token not allowed in a PDF string (PDFDocEncoding):
(hyperref)                removing `\catcode' on input line 28.


Package hyperref Warning: Token not allowed in a PDF string (PDFDocEncoding):
(hyperref)                removing `\active' on input line 28.


Package hyperref Warning: Token not allowed in a PDF string (PDFDocEncoding):
(hyperref)                removing `\<def>-command' on input line 28.


Package hyperref Warning: Token not allowed in a PDF string (PDFDocEncoding):
(hyperref)                removing `\csname\endcsname' on input line 28.


Package hyperref Warning: Token not allowed in a PDF string (PDFDocEncoding):
(hyperref)                removing `\catcode' on input line 28.


Package hyperref Warning: Token not allowed in a PDF string (PDFDocEncoding):
(hyperref)                removing `\active' on input line 28.


Package hyperref Warning: Token not allowed in a PDF string (PDFDocEncoding):
(hyperref)                removing `\<let>-command' on input line 28.


Package hyperref Warning: Token not allowed in a PDF string (PDFDocEncoding):
(hyperref)                removing `\csname\endcsname' on input line 28.


Package hyperref Warning: Token not allowed in a PDF string (PDFDocEncoding):
(hyperref)                removing `\<let>-command' on input line 28.


Package hyperref Warning: Token not allowed in a PDF string (PDFDocEncoding):
(hyperref)                removing `\%' on input line 28.


Package hyperref Warning: Token not allowed in a PDF string (PDFDocEncoding):
(hyperref)                removing `\catcode' on input line 28.


Package hyperref Warning: Token not allowed in a PDF string (PDFDocEncoding):
(hyperref)                removing `\active' on input line 28.


Package hyperref Warning: Token not allowed in a PDF string (PDFDocEncoding):
(hyperref)                removing `\<def>-command' on input line 28.


Package hyperref Warning: Token not allowed in a PDF string (PDFDocEncoding):
(hyperref)                removing `\csname\endcsname' on input line 28.


Package hyperref Warning: Token not allowed in a PDF string (PDFDocEncoding):
(hyperref)                removing `\<def>-command' on input line 28.


Package hyperref Warning: Token not allowed in a PDF string (PDFDocEncoding):
(hyperref)                removing `\#' on input line 28.


Package hyperref Warning: Token not allowed in a PDF string (PDFDocEncoding):
(hyperref)                removing `\catcode' on input line 28.


Package hyperref Warning: Token not allowed in a PDF string (PDFDocEncoding):
(hyperref)                removing `\<def>-command' on input line 28.


Package hyperref Warning: Token not allowed in a PDF string (PDFDocEncoding):
(hyperref)                removing `\csname\endcsname' on input line 28.


Package hyperref Warning: Token not allowed in a PDF string (PDFDocEncoding):
(hyperref)                removing `\<def>-command' on input line 28.


Package hyperref Warning: Token not allowed in a PDF string (PDFDocEncoding):
(hyperref)                removing `\&' on input line 28.


Package hyperref Warning: Token not allowed in a PDF string (PDFDocEncoding):
(hyperref)                removing `\<def>-command' on input line 28.


Package hyperref Warning: Token not allowed in a PDF string (PDFDocEncoding):
(hyperref)                removing `\textunderscore' on input line 28.


Package hyperref Warning: Token not allowed in a PDF string (PDFDocEncoding):
(hyperref)                removing `\<let>-command' on input line 28.


Package hyperref Warning: Token not allowed in a PDF string (PDFDocEncoding):
(hyperref)                removing `\_' on input line 28.


Package hyperref Warning: Token not allowed in a PDF string (PDFDocEncoding):
(hyperref)                removing `\catcode' on input line 28.


Package hyperref Warning: Token not allowed in a PDF string (PDFDocEncoding):
(hyperref)                removing `\active' on input line 28.


Package hyperref Warning: Token not allowed in a PDF string (PDFDocEncoding):
(hyperref)                removing `\<let>-command' on input line 28.


Package hyperref Warning: Token not allowed in a PDF string (PDFDocEncoding):
(hyperref)                removing `\csname\endcsname' on input line 28.


Package hyperref Warning: Token not allowed in a PDF string (PDFDocEncoding):
(hyperref)                removing `\<let>-command' on input line 28.


Package hyperref Warning: Token not allowed in a PDF string (PDFDocEncoding):
(hyperref)                removing `\csname\endcsname' on input line 28.


Package hyperref Warning: Token not allowed in a PDF string (PDFDocEncoding):
(hyperref)                removing `\<let>-command' on input line 28.


Package hyperref Warning: Token not allowed in a PDF string (PDFDocEncoding):
(hyperref)                removing `\~' on input line 28.


Package hyperref Warning: Token not allowed in a PDF string (PDFDocEncoding):
(hyperref)                removing `\<let>-command' on input line 28.


Package hyperref Warning: Token not allowed in a PDF string (PDFDocEncoding):
(hyperref)                removing `\textasciitilde' on input line 28.


Package hyperref Warning: Token not allowed in a PDF string (PDFDocEncoding):
(hyperref)                removing `\<let>-command' on input line 28.


Package hyperref Warning: Token not allowed in a PDF string (PDFDocEncoding):
(hyperref)                removing `\\' on input line 28.


Package hyperref Warning: Token not allowed in a PDF string (PDFDocEncoding):
(hyperref)                removing `\<def>-command' on input line 28.


Package hyperref Warning: Token not allowed in a PDF string (PDFDocEncoding):
(hyperref)                removing `\csname\endcsname' on input line 28.


Package hyperref Warning: Token not allowed in a PDF string (PDFDocEncoding):
(hyperref)                removing `\<def>-command' on input line 28.


Package hyperref Warning: Token not allowed in a PDF string (PDFDocEncoding):
(hyperref)                removing `\Hy@tempa' on input line 28.


Package hyperref Warning: Token not allowed in a PDF string (PDFDocEncoding):
(hyperref)                removing `\<def>-command' on input line 28.


Package hyperref Warning: Token not allowed in a PDF string (PDFDocEncoding):
(hyperref)                removing `\Hy@tempa' on input line 28.


Package hyperref Warning: Token not allowed in a PDF string (PDFDocEncoding):
(hyperref)                removing `\\' on input line 28.


Package hyperref Warning: Token not allowed in a PDF string (PDFDocEncoding):
(hyperref)                removing `\\' on input line 28.

(./beamerthemePOLIMI.sty
(/usr/local/texlive/2016/texmf-dist/tex/latex/tools/calc.sty
Package: calc 2014/10/28 v4.3 Infix arithmetic (KKT,FJ)
\calc@Acount=\count175
\calc@Bcount=\count176
\calc@Adimen=\dimen265
\calc@Bdimen=\dimen266
\calc@Askip=\skip60
\calc@Bskip=\skip61
LaTeX Info: Redefining \setlength on input line 80.
LaTeX Info: Redefining \addtolength on input line 81.
\calc@Ccount=\count177
\calc@Cskip=\skip62
)
\POLIMIbarh=\skip63

<figures/barra_down.png, id=10, 465.74pt x 42.1575pt>
File: figures/barra_down.png Graphic file (type png)

<use figures/barra_down.png>
Package pdftex.def Info: figures/barra_down.png used on input line 147.
(pdftex.def)             Requested size: 109.2597pt x 9.88963pt.
)
(/Users/andrea/Desktop/Dropbox/Appunti/Thesis/slides/.latex/thesislide.aux

LaTeX Warning: Label `' multiply defined.


LaTeX Warning: Label `' multiply defined.


LaTeX Warning: Label `' multiply defined.


LaTeX Warning: Label `' multiply defined.

)
\openout1 = `thesislide.aux'.

LaTeX Font Info:    Checking defaults for OML/cmm/m/it on input line 35.
LaTeX Font Info:    ... okay on input line 35.
LaTeX Font Info:    Checking defaults for T1/cmr/m/n on input line 35.
LaTeX Font Info:    ... okay on input line 35.
LaTeX Font Info:    Checking defaults for OT1/cmr/m/n on input line 35.
LaTeX Font Info:    ... okay on input line 35.
LaTeX Font Info:    Checking defaults for OMS/cmsy/m/n on input line 35.
LaTeX Font Info:    ... okay on input line 35.
LaTeX Font Info:    Checking defaults for OMX/cmex/m/n on input line 35.
LaTeX Font Info:    ... okay on input line 35.
LaTeX Font Info:    Checking defaults for U/cmr/m/n on input line 35.
LaTeX Font Info:    ... okay on input line 35.
LaTeX Font Info:    Checking defaults for PD1/pdf/m/n on input line 35.
LaTeX Font Info:    ... okay on input line 35.

*geometry* driver: auto-detecting
*geometry* detected driver: pdftex
*geometry* verbose mode - [ preamble ] result:
* driver: pdftex
* paper: custom
* layout: <same size as paper>
* layoutoffset:(h,v)=(0.0pt,0.0pt)
* modes: includehead includefoot 
* h-part:(L,W,R)=(28.45274pt, 307.28987pt, 28.45274pt)
* v-part:(T,H,B)=(0.0pt, 273.14662pt, 0.0pt)
* \paperwidth=364.19536pt
* \paperheight=273.14662pt
* \textwidth=307.28987pt
* \textheight=244.6939pt
* \oddsidemargin=-43.81725pt
* \evensidemargin=-43.81725pt
* \topmargin=-72.26999pt
* \headheight=14.22636pt
* \headsep=0.0pt
* \topskip=11.0pt
* \footskip=14.22636pt
* \marginparwidth=4.0pt
* \marginparsep=10.0pt
* \columnsep=10.0pt
* \skip\footins=10.0pt plus 4.0pt minus 2.0pt
* \hoffset=0.0pt
* \voffset=0.0pt
* \mag=1000
* \@twocolumnfalse
* \@twosidefalse
* \@mparswitchfalse
* \@reversemarginfalse
* (1in=72.27pt=25.4mm, 1cm=28.453pt)

(/usr/local/texlive/2016/texmf-dist/tex/context/base/mkii/supp-pdf.mkii
[Loading MPS to PDF converter (version 2006.09.02).]
\scratchcounter=\count178
\scratchdimen=\dimen267
\scratchbox=\box62
\nofMPsegments=\count179
\nofMParguments=\count180
\everyMPshowfont=\toks50
\MPscratchCnt=\count181
\MPscratchDim=\dimen268
\MPnumerator=\count182
\makeMPintoPDFobject=\count183
\everyMPtoPDFconversion=\toks51
) (/usr/local/texlive/2016/texmf-dist/tex/latex/oberdiek/epstopdf-base.sty
Package: epstopdf-base 2016/05/15 v2.6 Base part for package epstopdf

(/usr/local/texlive/2016/texmf-dist/tex/latex/oberdiek/grfext.sty
Package: grfext 2016/05/16 v1.2 Manage graphics extensions (HO)
)
Package epstopdf-base Info: Redefining graphics rule for `.eps' on input line 4
38.
Package grfext Info: Graphics extension search list:
(grfext)             [.png,.pdf,.jpg,.mps,.jpeg,.jbig2,.jb2,.PNG,.PDF,.JPG,.JPE
G,.JBIG2,.JB2,.eps]
(grfext)             \AppendGraphicsExtensions on input line 456.

(/usr/local/texlive/2016/texmf-dist/tex/latex/latexconfig/epstopdf-sys.cfg
File: epstopdf-sys.cfg 2010/07/13 v1.3 Configuration of (r)epstopdf for TeX Liv
e
))
ABD: EveryShipout initializing macros
\AtBeginShipoutBox=\box63
Package hyperref Info: Link coloring OFF on input line 35.

(/usr/local/texlive/2016/texmf-dist/tex/latex/hyperref/nameref.sty
Package: nameref 2016/05/21 v2.44 Cross-referencing by name of section

(/usr/local/texlive/2016/texmf-dist/tex/generic/oberdiek/gettitlestring.sty
Package: gettitlestring 2016/05/16 v1.5 Cleanup title references (HO)
)
\c@section@level=\count184
)
LaTeX Info: Redefining \ref on input line 35.
LaTeX Info: Redefining \pageref on input line 35.
LaTeX Info: Redefining \nameref on input line 35.

(/Users/andrea/Desktop/Dropbox/Appunti/Thesis/slides/.latex/thesislide.out)
(/Users/andrea/Desktop/Dropbox/Appunti/Thesis/slides/.latex/thesislide.out)
\@outlinefile=\write5
\openout5 = `thesislide.out'.


(/usr/local/texlive/2016/texmf-dist/tex/latex/beamer/translator/dicts/translato
r-basic-dictionary/translator-basic-dictionary-English.dict
Dictionary: translator-basic-dictionary, Language: English 
)
(/usr/local/texlive/2016/texmf-dist/tex/latex/beamer/translator/dicts/translato
r-bibliography-dictionary/translator-bibliography-dictionary-English.dict
Dictionary: translator-bibliography-dictionary, Language: English 
)
(/usr/local/texlive/2016/texmf-dist/tex/latex/beamer/translator/dicts/translato
r-environment-dictionary/translator-environment-dictionary-English.dict
Dictionary: translator-environment-dictionary, Language: English 
)
(/usr/local/texlive/2016/texmf-dist/tex/latex/beamer/translator/dicts/translato
r-months-dictionary/translator-months-dictionary-English.dict
Dictionary: translator-months-dictionary, Language: English 
)
(/usr/local/texlive/2016/texmf-dist/tex/latex/beamer/translator/dicts/translato
r-numbers-dictionary/translator-numbers-dictionary-English.dict
Dictionary: translator-numbers-dictionary, Language: English 
)
(/usr/local/texlive/2016/texmf-dist/tex/latex/beamer/translator/dicts/translato
r-theorem-dictionary/translator-theorem-dictionary-English.dict
Dictionary: translator-theorem-dictionary, Language: English 
)
LaTeX Info: Redefining \includegraphics on input line 35.

(/Users/andrea/Desktop/Dropbox/Appunti/Thesis/slides/.latex/thesislide.nav)
File: figures/barra_down.png Graphic file (type png)

<use figures/barra_down.png>
Package pdftex.def Info: figures/barra_down.png used on input line 35.
(pdftex.def)             Requested size: 109.2597pt x 9.88963pt.

Overfull \hbox (36.42175pt too wide) in paragraph at lines 35--35
[][]  
 []

<figures/polimi_bg.png, id=87, 722.7pt x 344.03531pt>
File: figures/polimi_bg.png Graphic file (type png)

<use figures/polimi_bg.png>
Package pdftex.def Info: figures/polimi_bg.png used on input line 39.
(pdftex.def)             Requested size: 364.19536pt x 173.37161pt.


Package hyperref Warning: Suppressing link with empty target on input line 39.

LaTeX Font Info:    Try loading font information for T1+cmtt on input line 39.
(/usr/local/texlive/2016/texmf-dist/tex/latex/base/t1cmtt.fd
File: t1cmtt.fd 2014/09/29 v2.5h Standard LaTeX font definitions
)
LaTeX Font Info:    Try loading font information for U+msa on input line 39.

(/usr/local/texlive/2016/texmf-dist/tex/latex/amsfonts/umsa.fd
File: umsa.fd 2013/01/14 v3.01 AMS symbols A
)
LaTeX Font Info:    Try loading font information for U+msb on input line 39.

(/usr/local/texlive/2016/texmf-dist/tex/latex/amsfonts/umsb.fd
File: umsb.fd 2013/01/14 v3.01 AMS symbols B
)
<figures/polimi_logo.jpg, id=88, 240.9pt x 240.9pt>
File: figures/polimi_logo.jpg Graphic file (type jpg)

<use figures/polimi_logo.jpg>
Package pdftex.def Info: figures/polimi_logo.jpg used on input line 39.
(pdftex.def)             Requested size: 72.27055pt x 72.27055pt.
 [1

{/usr/local/texlive/2016/texmf-var/fonts/map/pdftex/updmap/pdftex.map} <./figur
es/polimi_bg.png (PNG copy)> <./figures/polimi_logo.jpg>] <figures/freccia_tras
parente.png, id=121, 45.2892pt x 48.6618pt>
File: figures/freccia_trasparente.png Graphic file (type png)

<use figures/freccia_trasparente.png>
Package pdftex.def Info: figures/freccia_trasparente.png used on input line 51.

(pdftex.def)             Requested size: 12.71129pt x 13.65816pt.

<figures/barra_alta.png, id=123, 1506.62875pt x 16.06pt>
File: figures/barra_alta.png Graphic file (type png)

<use figures/barra_alta.png>
Package pdftex.def Info: figures/barra_alta.png used on input line 51.
(pdftex.def)             Requested size: 364.19536pt x 3.88191pt.


LaTeX Font Warning: Font shape `T1/cmss/m/n' in size <4> not available
(Font)              size <5> substituted on input line 51.

File: figures/barra_down.png Graphic file (type png)
<use figures/barra_down.png>
Package pdftex.def Info: figures/barra_down.png used on input line 51.
(pdftex.def)             Requested size: 109.2597pt x 9.88963pt.

Overfull \hbox (36.42175pt too wide) has occurred while \output is active
[][]  
 []

[2

 <./figures/freccia_trasparente.png> <./figures/barra_alta.png> <./figures/barr
a_down.png>]
LaTeX Font Info:    Try loading font information for OMS+cmss on input line 70.

LaTeX Font Info:    No file OMScmss.fd. on input line 70.


LaTeX Font Warning: Font shape `OMS/cmss/m/n' undefined
(Font)              using `OMS/cmsy/m/n' instead
(Font)              for symbol `textbullet' on input line 70.

File: figures/freccia_trasparente.png Graphic file (type png)
<use figures/freccia_trasparente.png>
Package pdftex.def Info: figures/freccia_trasparente.png used on input line 70.

(pdftex.def)             Requested size: 12.71129pt x 13.65816pt.
File: figures/barra_alta.png Graphic file (type png)
 <use figures/barra_alta.png>
Package pdftex.def Info: figures/barra_alta.png used on input line 70.
(pdftex.def)             Requested size: 364.19536pt x 3.88191pt.
File: figures/barra_down.png Graphic file (type png)

<use figures/barra_down.png>
Package pdftex.def Info: figures/barra_down.png used on input line 70.
(pdftex.def)             Requested size: 109.2597pt x 9.88963pt.

Overfull \hbox (36.42175pt too wide) has occurred while \output is active
[][]  
 []

[3

]
File: figures/freccia_trasparente.png Graphic file (type png)
 <use figures/freccia_trasparente.png>
Package pdftex.def Info: figures/freccia_trasparente.png used on input line 87.

(pdftex.def)             Requested size: 12.71129pt x 13.65816pt.
File: figures/barra_alta.png Graphic file (type png)
 <use figures/barra_alta.png>
Package pdftex.def Info: figures/barra_alta.png used on input line 87.
(pdftex.def)             Requested size: 364.19536pt x 3.88191pt.
File: figures/barra_down.png Graphic file (type png)

<use figures/barra_down.png>
Package pdftex.def Info: figures/barra_down.png used on input line 87.
(pdftex.def)             Requested size: 109.2597pt x 9.88963pt.

Overfull \hbox (36.42175pt too wide) has occurred while \output is active
[][]  
 []

[4

]
File: figures/freccia_trasparente.png Graphic file (type png)
 <use figures/freccia_trasparente.png>
Package pdftex.def Info: figures/freccia_trasparente.png used on input line 87.

(pdftex.def)             Requested size: 12.71129pt x 13.65816pt.
File: figures/barra_alta.png Graphic file (type png)
 <use figures/barra_alta.png>
Package pdftex.def Info: figures/barra_alta.png used on input line 87.
(pdftex.def)             Requested size: 364.19536pt x 3.88191pt.
File: figures/barra_down.png Graphic file (type png)

<use figures/barra_down.png>
Package pdftex.def Info: figures/barra_down.png used on input line 87.
(pdftex.def)             Requested size: 109.2597pt x 9.88963pt.

Overfull \hbox (36.42175pt too wide) has occurred while \output is active
[][]  
 []

[5

]
File: figures/freccia_trasparente.png Graphic file (type png)
 <use figures/freccia_trasparente.png>
Package pdftex.def Info: figures/freccia_trasparente.png used on input line 105
.
(pdftex.def)             Requested size: 12.71129pt x 13.65816pt.
File: figures/barra_alta.png Graphic file (type png)
 <use figures/barra_alta.png>
Package pdftex.def Info: figures/barra_alta.png used on input line 105.
(pdftex.def)             Requested size: 364.19536pt x 3.88191pt.
File: figures/barra_down.png Graphic file (type png)

<use figures/barra_down.png>
Package pdftex.def Info: figures/barra_down.png used on input line 105.
(pdftex.def)             Requested size: 109.2597pt x 9.88963pt.

Overfull \hbox (36.42175pt too wide) has occurred while \output is active
[][]  
 []

[6

]
File: figures/freccia_trasparente.png Graphic file (type png)
 <use figures/freccia_trasparente.png>
Package pdftex.def Info: figures/freccia_trasparente.png used on input line 105
.
(pdftex.def)             Requested size: 12.71129pt x 13.65816pt.
File: figures/barra_alta.png Graphic file (type png)
 <use figures/barra_alta.png>
Package pdftex.def Info: figures/barra_alta.png used on input line 105.
(pdftex.def)             Requested size: 364.19536pt x 3.88191pt.
File: figures/barra_down.png Graphic file (type png)

<use figures/barra_down.png>
Package pdftex.def Info: figures/barra_down.png used on input line 105.
(pdftex.def)             Requested size: 109.2597pt x 9.88963pt.

Overfull \hbox (36.42175pt too wide) has occurred while \output is active
[][]  
 []

[7

]
File: figures/freccia_trasparente.png Graphic file (type png)
 <use figures/freccia_trasparente.png>
Package pdftex.def Info: figures/freccia_trasparente.png used on input line 124
.
(pdftex.def)             Requested size: 12.71129pt x 13.65816pt.
File: figures/barra_alta.png Graphic file (type png)
 <use figures/barra_alta.png>
Package pdftex.def Info: figures/barra_alta.png used on input line 124.
(pdftex.def)             Requested size: 364.19536pt x 3.88191pt.
File: figures/barra_down.png Graphic file (type png)

<use figures/barra_down.png>
Package pdftex.def Info: figures/barra_down.png used on input line 124.
(pdftex.def)             Requested size: 109.2597pt x 9.88963pt.

Overfull \hbox (36.42175pt too wide) has occurred while \output is active
[][]  
 []

[8

]
File: figures/freccia_trasparente.png Graphic file (type png)
 <use figures/freccia_trasparente.png>
Package pdftex.def Info: figures/freccia_trasparente.png used on input line 124
.
(pdftex.def)             Requested size: 12.71129pt x 13.65816pt.
File: figures/barra_alta.png Graphic file (type png)
 <use figures/barra_alta.png>
Package pdftex.def Info: figures/barra_alta.png used on input line 124.
(pdftex.def)             Requested size: 364.19536pt x 3.88191pt.
File: figures/barra_down.png Graphic file (type png)

<use figures/barra_down.png>
Package pdftex.def Info: figures/barra_down.png used on input line 124.
(pdftex.def)             Requested size: 109.2597pt x 9.88963pt.

Overfull \hbox (36.42175pt too wide) has occurred while \output is active
[][]  
 []

[9

]
File: figures/freccia_trasparente.png Graphic file (type png)
 <use figures/freccia_trasparente.png>
Package pdftex.def Info: figures/freccia_trasparente.png used on input line 144
.
(pdftex.def)             Requested size: 12.71129pt x 13.65816pt.
File: figures/barra_alta.png Graphic file (type png)
 <use figures/barra_alta.png>
Package pdftex.def Info: figures/barra_alta.png used on input line 144.
(pdftex.def)             Requested size: 364.19536pt x 3.88191pt.
File: figures/barra_down.png Graphic file (type png)

<use figures/barra_down.png>
Package pdftex.def Info: figures/barra_down.png used on input line 144.
(pdftex.def)             Requested size: 109.2597pt x 9.88963pt.

Overfull \hbox (36.42175pt too wide) has occurred while \output is active
[][]  
 []

[10

]
File: figures/freccia_trasparente.png Graphic file (type png)
 <use figures/freccia_trasparente.png>
Package pdftex.def Info: figures/freccia_trasparente.png used on input line 144
.
(pdftex.def)             Requested size: 12.71129pt x 13.65816pt.
File: figures/barra_alta.png Graphic file (type png)
 <use figures/barra_alta.png>
Package pdftex.def Info: figures/barra_alta.png used on input line 144.
(pdftex.def)             Requested size: 364.19536pt x 3.88191pt.
File: figures/barra_down.png Graphic file (type png)

<use figures/barra_down.png>
Package pdftex.def Info: figures/barra_down.png used on input line 144.
(pdftex.def)             Requested size: 109.2597pt x 9.88963pt.

Overfull \hbox (36.42175pt too wide) has occurred while \output is active
[][]  
 []

[11

]
File: figures/freccia_trasparente.png Graphic file (type png)
 <use figures/freccia_trasparente.png>
Package pdftex.def Info: figures/freccia_trasparente.png used on input line 159
.
(pdftex.def)             Requested size: 12.71129pt x 13.65816pt.
File: figures/barra_alta.png Graphic file (type png)
 <use figures/barra_alta.png>
Package pdftex.def Info: figures/barra_alta.png used on input line 159.
(pdftex.def)             Requested size: 364.19536pt x 3.88191pt.
File: figures/barra_down.png Graphic file (type png)

<use figures/barra_down.png>
Package pdftex.def Info: figures/barra_down.png used on input line 159.
(pdftex.def)             Requested size: 109.2597pt x 9.88963pt.

Overfull \hbox (36.42175pt too wide) has occurred while \output is active
[][]  
 []

[12

]
File: figures/freccia_trasparente.png Graphic file (type png)
 <use figures/freccia_trasparente.png>
Package pdftex.def Info: figures/freccia_trasparente.png used on input line 159
.
(pdftex.def)             Requested size: 12.71129pt x 13.65816pt.
File: figures/barra_alta.png Graphic file (type png)
 <use figures/barra_alta.png>
Package pdftex.def Info: figures/barra_alta.png used on input line 159.
(pdftex.def)             Requested size: 364.19536pt x 3.88191pt.
File: figures/barra_down.png Graphic file (type png)

<use figures/barra_down.png>
Package pdftex.def Info: figures/barra_down.png used on input line 159.
(pdftex.def)             Requested size: 109.2597pt x 9.88963pt.

Overfull \hbox (36.42175pt too wide) has occurred while \output is active
[][]  
 []

[13

]
Package epstopdf Info: Source file: <images/comparison.eps>
(epstopdf)                    date: 2017-12-18 11:24:35
(epstopdf)                    size: 20169 bytes
(epstopdf)             Output file: <images/comparison-eps-converted-to.pdf>
(epstopdf)                    date: 2017-12-18 11:24:48
(epstopdf)                    size: 10802 bytes
(epstopdf)             Command: <epstopdf --outfile=images/comparison-eps-conve
rted-to.pdf images/comparison.eps>
(epstopdf)             \includegraphics on input line 169.
Package epstopdf Info: Output file is already uptodate.
 <images/comparison-eps-converted-to.pdf, id=459, 562.1pt x 421.575pt>
File: images/comparison-eps-converted-to.pdf Graphic file (type pdf)

<use images/comparison-eps-converted-to.pdf>
Package pdftex.def Info: images/comparison-eps-converted-to.pdf used on input l
ine 169.
(pdftex.def)             Requested size: 281.04932pt x 210.78697pt.


Package hyperref Warning: Ignoring empty anchor on input line 169.

File: figures/freccia_trasparente.png Graphic file (type png)
<use figures/freccia_trasparente.png>
Package pdftex.def Info: figures/freccia_trasparente.png used on input line 169
.
(pdftex.def)             Requested size: 12.71129pt x 13.65816pt.
File: figures/barra_alta.png Graphic file (type png)
 <use figures/barra_alta.png>
Package pdftex.def Info: figures/barra_alta.png used on input line 169.
(pdftex.def)             Requested size: 364.19536pt x 3.88191pt.

Overfull \vbox (35.6229pt too high) detected at line 169
 []

File: figures/barra_down.png Graphic file (type png)
<use figures/barra_down.png>
Package pdftex.def Info: figures/barra_down.png used on input line 169.
(pdftex.def)             Requested size: 109.2597pt x 9.88963pt.

Overfull \hbox (36.42175pt too wide) has occurred while \output is active
[][]  
 []

[14

 <./images/comparison-eps-converted-to.pdf>]
Package epstopdf Info: Source file: <images/comparison2.eps>
(epstopdf)                    date: 2017-12-18 11:26:13
(epstopdf)                    size: 21653 bytes
(epstopdf)             Output file: <images/comparison2-eps-converted-to.pdf>
(epstopdf)                    date: 2017-12-18 11:26:28
(epstopdf)                    size: 11512 bytes
(epstopdf)             Command: <epstopdf --outfile=images/comparison2-eps-conv
erted-to.pdf images/comparison2.eps>
(epstopdf)             \includegraphics on input line 178.
Package epstopdf Info: Output file is already uptodate.

<images/comparison2-eps-converted-to.pdf, id=495, 562.1pt x 421.575pt>
File: images/comparison2-eps-converted-to.pdf Graphic file (type pdf)

<use images/comparison2-eps-converted-to.pdf>
Package pdftex.def Info: images/comparison2-eps-converted-to.pdf used on input 
line 178.
(pdftex.def)             Requested size: 281.04932pt x 210.78697pt.


Package hyperref Warning: Ignoring empty anchor on input line 178.

File: figures/freccia_trasparente.png Graphic file (type png)
<use figures/freccia_trasparente.png>
Package pdftex.def Info: figures/freccia_trasparente.png used on input line 178
.
(pdftex.def)             Requested size: 12.71129pt x 13.65816pt.
File: figures/barra_alta.png Graphic file (type png)
 <use figures/barra_alta.png>
Package pdftex.def Info: figures/barra_alta.png used on input line 178.
(pdftex.def)             Requested size: 364.19536pt x 3.88191pt.

Overfull \vbox (35.6229pt too high) detected at line 178
 []

File: figures/barra_down.png Graphic file (type png)
<use figures/barra_down.png>
Package pdftex.def Info: figures/barra_down.png used on input line 178.
(pdftex.def)             Requested size: 109.2597pt x 9.88963pt.

Overfull \hbox (36.42175pt too wide) has occurred while \output is active
[][]  
 []

[15

 <./images/comparison2-eps-converted-to.pdf>]
File: figures/freccia_trasparente.png Graphic file (type png)

<use figures/freccia_trasparente.png>
Package pdftex.def Info: figures/freccia_trasparente.png used on input line 203
.
(pdftex.def)             Requested size: 12.71129pt x 13.65816pt.
File: figures/barra_alta.png Graphic file (type png)
 <use figures/barra_alta.png>
Package pdftex.def Info: figures/barra_alta.png used on input line 203.
(pdftex.def)             Requested size: 364.19536pt x 3.88191pt.

Overfull \vbox (6.54378pt too high) detected at line 203
 []

File: figures/barra_down.png Graphic file (type png)
<use figures/barra_down.png>
Package pdftex.def Info: figures/barra_down.png used on input line 203.
(pdftex.def)             Requested size: 109.2597pt x 9.88963pt.

Overfull \hbox (36.42175pt too wide) has occurred while \output is active
[][]  
 []

[16

]
File: figures/freccia_trasparente.png Graphic file (type png)
 <use figures/freccia_trasparente.png>
Package pdftex.def Info: figures/freccia_trasparente.png used on input line 203
.
(pdftex.def)             Requested size: 12.71129pt x 13.65816pt.
File: figures/barra_alta.png Graphic file (type png)
 <use figures/barra_alta.png>
Package pdftex.def Info: figures/barra_alta.png used on input line 203.
(pdftex.def)             Requested size: 364.19536pt x 3.88191pt.

Overfull \vbox (6.54378pt too high) detected at line 203
 []

File: figures/barra_down.png Graphic file (type png)
<use figures/barra_down.png>
Package pdftex.def Info: figures/barra_down.png used on input line 203.
(pdftex.def)             Requested size: 109.2597pt x 9.88963pt.

Overfull \hbox (36.42175pt too wide) has occurred while \output is active
[][]  
 []

[17

]
File: figures/freccia_trasparente.png Graphic file (type png)
 <use figures/freccia_trasparente.png>
Package pdftex.def Info: figures/freccia_trasparente.png used on input line 203
.
(pdftex.def)             Requested size: 12.71129pt x 13.65816pt.
File: figures/barra_alta.png Graphic file (type png)
 <use figures/barra_alta.png>
Package pdftex.def Info: figures/barra_alta.png used on input line 203.
(pdftex.def)             Requested size: 364.19536pt x 3.88191pt.

Overfull \vbox (6.54378pt too high) detected at line 203
 []

File: figures/barra_down.png Graphic file (type png)
<use figures/barra_down.png>
Package pdftex.def Info: figures/barra_down.png used on input line 203.
(pdftex.def)             Requested size: 109.2597pt x 9.88963pt.

Overfull \hbox (36.42175pt too wide) has occurred while \output is active
[][]  
 []

[18

]
File: figures/freccia_trasparente.png Graphic file (type png)
 <use figures/freccia_trasparente.png>
Package pdftex.def Info: figures/freccia_trasparente.png used on input line 203
.
(pdftex.def)             Requested size: 12.71129pt x 13.65816pt.
File: figures/barra_alta.png Graphic file (type png)
 <use figures/barra_alta.png>
Package pdftex.def Info: figures/barra_alta.png used on input line 203.
(pdftex.def)             Requested size: 364.19536pt x 3.88191pt.

Overfull \vbox (6.54378pt too high) detected at line 203
 []

File: figures/barra_down.png Graphic file (type png)
<use figures/barra_down.png>
Package pdftex.def Info: figures/barra_down.png used on input line 203.
(pdftex.def)             Requested size: 109.2597pt x 9.88963pt.

Overfull \hbox (36.42175pt too wide) has occurred while \output is active
[][]  
 []

[19

]

LaTeX Warning: File `images/puddle.eps' not found on input line 222.

Package epstopdf Info: Source file: <images/puddle.eps>
(epstopdf)             Output file: <images/puddle-eps-converted-to.pdf>
(epstopdf)                    date: 2017-12-03 16:01:07
(epstopdf)                    size: 358563 bytes
(epstopdf)             Command: <epstopdf --outfile=images/puddle-eps-converted
-to.pdf images/puddle.eps>
(epstopdf)             \includegraphics on input line 222.
Package epstopdf Info: Output file is already uptodate.
<images/puddle-eps-converted-to.pdf, id=636, 578.16pt x 433.62pt>
File: images/puddle-eps-converted-to.pdf Graphic file (type pdf)

<use images/puddle-eps-converted-to.pdf>
Package pdftex.def Info: images/puddle-eps-converted-to.pdf used on input line 
222.
(pdftex.def)             Requested size: 231.2599pt x 173.44492pt.
File: figures/freccia_trasparente.png Graphic file (type png)
 <use figures/freccia_trasparente.png>
Package pdftex.def Info: figures/freccia_trasparente.png used on input line 222
.
(pdftex.def)             Requested size: 12.71129pt x 13.65816pt.
File: figures/barra_alta.png Graphic file (type png)

<use figures/barra_alta.png>
Package pdftex.def Info: figures/barra_alta.png used on input line 222.
(pdftex.def)             Requested size: 364.19536pt x 3.88191pt.
File: figures/barra_down.png Graphic file (type png)
 <use figures/barra_down.png>
Package pdftex.def Info: figures/barra_down.png used on input line 222.
(pdftex.def)             Requested size: 109.2597pt x 9.88963pt.

Overfull \hbox (36.42175pt too wide) has occurred while \output is active
[][]  
 []

[20

 <./images/puddle-eps-converted-to.pdf>]
Package epstopdf Info: Source file: <images/global.eps>
(epstopdf)                    date: 2017-12-18 15:56:36
(epstopdf)                    size: 21557118 bytes
(epstopdf)             Output file: <images/global-eps-converted-to.pdf>
(epstopdf)                    date: 2017-12-18 16:03:46
(epstopdf)                    size: 236280 bytes
(epstopdf)             Command: <epstopdf --outfile=images/global-eps-converted
-to.pdf images/global.eps>
(epstopdf)             \includegraphics on input line 230.
Package epstopdf Info: Output file is already uptodate.

<images/global-eps-converted-to.pdf, id=672, 542.025pt x 368.37625pt>
File: images/global-eps-converted-to.pdf Graphic file (type pdf)

<use images/global-eps-converted-to.pdf>
Package pdftex.def Info: images/global-eps-converted-to.pdf used on input line 
230.
(pdftex.def)             Requested size: 298.11467pt x 202.60754pt.
File: figures/freccia_trasparente.png Graphic file (type png)
 <use figures/freccia_trasparente.png>
Package pdftex.def Info: figures/freccia_trasparente.png used on input line 230
.
(pdftex.def)             Requested size: 12.71129pt x 13.65816pt.
File: figures/barra_alta.png Graphic file (type png)

<use figures/barra_alta.png>
Package pdftex.def Info: figures/barra_alta.png used on input line 230.
(pdftex.def)             Requested size: 364.19536pt x 3.88191pt.
File: figures/barra_down.png Graphic file (type png)
 <use figures/barra_down.png>
Package pdftex.def Info: figures/barra_down.png used on input line 230.
(pdftex.def)             Requested size: 109.2597pt x 9.88963pt.

Overfull \hbox (36.42175pt too wide) has occurred while \output is active
[][]  
 []

[21

 <./images/global-eps-converted-to.pdf>]
Package epstopdf Info: Source file: <images/WFQIPerf_ID.eps>
(epstopdf)                    date: 2017-12-03 15:26:45
(epstopdf)                    size: 49332 bytes
(epstopdf)             Output file: <images/WFQIPerf_ID-eps-converted-to.pdf>
(epstopdf)                    date: 2017-12-03 16:06:17
(epstopdf)                    size: 27767 bytes
(epstopdf)             Command: <epstopdf --outfile=images/WFQIPerf_ID-eps-conv
erted-to.pdf images/WFQIPerf_ID.eps>
(epstopdf)             \includegraphics on input line 239.
Package epstopdf Info: Output file is already uptodate.

<images/WFQIPerf_ID-eps-converted-to.pdf, id=713, 578.16pt x 433.62pt>
File: images/WFQIPerf_ID-eps-converted-to.pdf Graphic file (type pdf)

<use images/WFQIPerf_ID-eps-converted-to.pdf>
Package pdftex.def Info: images/WFQIPerf_ID-eps-converted-to.pdf used on input 
line 239.
(pdftex.def)             Requested size: 289.07928pt x 216.80946pt.


Package hyperref Warning: Ignoring empty anchor on input line 239.

File: figures/freccia_trasparente.png Graphic file (type png)
<use figures/freccia_trasparente.png>
Package pdftex.def Info: figures/freccia_trasparente.png used on input line 239
.
(pdftex.def)             Requested size: 12.71129pt x 13.65816pt.
File: figures/barra_alta.png Graphic file (type png)
 <use figures/barra_alta.png>
Package pdftex.def Info: figures/barra_alta.png used on input line 239.
(pdftex.def)             Requested size: 364.19536pt x 3.88191pt.

Overfull \vbox (12.10141pt too high) detected at line 239
 []

File: figures/barra_down.png Graphic file (type png)
<use figures/barra_down.png>
Package pdftex.def Info: figures/barra_down.png used on input line 239.
(pdftex.def)             Requested size: 109.2597pt x 9.88963pt.

Overfull \hbox (36.42175pt too wide) has occurred while \output is active
[][]  
 []

[22

 <./images/WFQIPerf_ID-eps-converted-to.pdf>]
Package epstopdf Info: Source file: <images/WFQIPerf.eps>
(epstopdf)                    date: 2017-12-03 15:24:36
(epstopdf)                    size: 49630 bytes
(epstopdf)             Output file: <images/WFQIPerf-eps-converted-to.pdf>
(epstopdf)                    date: 2017-12-03 16:11:33
(epstopdf)                    size: 28098 bytes
(epstopdf)             Command: <epstopdf --outfile=images/WFQIPerf-eps-convert
ed-to.pdf images/WFQIPerf.eps>
(epstopdf)             \includegraphics on input line 248.
Package epstopdf Info: Output file is already uptodate.

<images/WFQIPerf-eps-converted-to.pdf, id=788, 578.16pt x 433.62pt>
File: images/WFQIPerf-eps-converted-to.pdf Graphic file (type pdf)

<use images/WFQIPerf-eps-converted-to.pdf>
Package pdftex.def Info: images/WFQIPerf-eps-converted-to.pdf used on input lin
e 248.
(pdftex.def)             Requested size: 289.07928pt x 216.80946pt.


Package hyperref Warning: Ignoring empty anchor on input line 248.

File: figures/freccia_trasparente.png Graphic file (type png)
<use figures/freccia_trasparente.png>
Package pdftex.def Info: figures/freccia_trasparente.png used on input line 248
.
(pdftex.def)             Requested size: 12.71129pt x 13.65816pt.
File: figures/barra_alta.png Graphic file (type png)
 <use figures/barra_alta.png>
Package pdftex.def Info: figures/barra_alta.png used on input line 248.
(pdftex.def)             Requested size: 364.19536pt x 3.88191pt.

Overfull \vbox (12.10141pt too high) detected at line 248
 []

File: figures/barra_down.png Graphic file (type png)
<use figures/barra_down.png>
Package pdftex.def Info: figures/barra_down.png used on input line 248.
(pdftex.def)             Requested size: 109.2597pt x 9.88963pt.

Overfull \hbox (36.42175pt too wide) has occurred while \output is active
[][]  
 []

[23

 <./images/WFQIPerf-eps-converted-to.pdf>]
<images/acrobot.png, id=863, 570.13pt x 617.30624pt>
File: images/acrobot.png Graphic file (type png)
 <use images/acrobot.png>
Package pdftex.def Info: images/acrobot.png used on input line 266.
(pdftex.def)             Requested size: 142.53215pt x 154.32617pt.
File: figures/freccia_trasparente.png Graphic file (type png)

<use figures/freccia_trasparente.png>
Package pdftex.def Info: figures/freccia_trasparente.png used on input line 266
.
(pdftex.def)             Requested size: 12.71129pt x 13.65816pt.
File: figures/barra_alta.png Graphic file (type png)
 <use figures/barra_alta.png>
Package pdftex.def Info: figures/barra_alta.png used on input line 266.
(pdftex.def)             Requested size: 364.19536pt x 3.88191pt.
File: figures/barra_down.png Graphic file (type png)

<use figures/barra_down.png>
Package pdftex.def Info: figures/barra_down.png used on input line 266.
(pdftex.def)             Requested size: 109.2597pt x 9.88963pt.

Overfull \hbox (36.42175pt too wide) has occurred while \output is active
[][]  
 []

[24

 <./images/acrobot.png>]
Package epstopdf Info: Source file: <images/WFQIPerf_acro.eps>
(epstopdf)                    date: 2017-12-03 15:33:57
(epstopdf)                    size: 51105 bytes
(epstopdf)             Output file: <images/WFQIPerf_acro-eps-converted-to.pdf>

(epstopdf)                    date: 2017-12-03 16:11:33
(epstopdf)                    size: 31277 bytes
(epstopdf)             Command: <epstopdf --outfile=images/WFQIPerf_acro-eps-co
nverted-to.pdf images/WFQIPerf_acro.eps>
(epstopdf)             \includegraphics on input line 275.
Package epstopdf Info: Output file is already uptodate.

<images/WFQIPerf_acro-eps-converted-to.pdf, id=891, 578.16pt x 433.62pt>
File: images/WFQIPerf_acro-eps-converted-to.pdf Graphic file (type pdf)

<use images/WFQIPerf_acro-eps-converted-to.pdf>
Package pdftex.def Info: images/WFQIPerf_acro-eps-converted-to.pdf used on inpu
t line 275.
(pdftex.def)             Requested size: 289.07928pt x 216.80946pt.


Package hyperref Warning: Ignoring empty anchor on input line 275.

File: figures/freccia_trasparente.png Graphic file (type png)
<use figures/freccia_trasparente.png>
Package pdftex.def Info: figures/freccia_trasparente.png used on input line 275
.
(pdftex.def)             Requested size: 12.71129pt x 13.65816pt.
File: figures/barra_alta.png Graphic file (type png)
 <use figures/barra_alta.png>
Package pdftex.def Info: figures/barra_alta.png used on input line 275.
(pdftex.def)             Requested size: 364.19536pt x 3.88191pt.

Overfull \vbox (12.10141pt too high) detected at line 275
 []

File: figures/barra_down.png Graphic file (type png)
<use figures/barra_down.png>
Package pdftex.def Info: figures/barra_down.png used on input line 275.
(pdftex.def)             Requested size: 109.2597pt x 9.88963pt.

Overfull \hbox (36.42175pt too wide) has occurred while \output is active
[][]  
 []

[25

 <./images/WFQIPerf_acro-eps-converted-to.pdf>]
File: figures/freccia_trasparente.png Graphic file (type png)

<use figures/freccia_trasparente.png>
Package pdftex.def Info: figures/freccia_trasparente.png used on input line 290
.
(pdftex.def)             Requested size: 12.71129pt x 13.65816pt.
File: figures/barra_alta.png Graphic file (type png)
 <use figures/barra_alta.png>
Package pdftex.def Info: figures/barra_alta.png used on input line 290.
(pdftex.def)             Requested size: 364.19536pt x 3.88191pt.
File: figures/barra_down.png Graphic file (type png)

<use figures/barra_down.png>
Package pdftex.def Info: figures/barra_down.png used on input line 290.
(pdftex.def)             Requested size: 109.2597pt x 9.88963pt.

Overfull \hbox (36.42175pt too wide) has occurred while \output is active
[][]  
 []

[26

] <images/wfqi.png, id=996, 674.52pt x 358.33875pt>
File: images/wfqi.png Graphic file (type png)
 <use images/wfqi.png>
Package pdftex.def Info: images/wfqi.png used on input line 299.
(pdftex.def)             Requested size: 303.53119pt x 161.25095pt.
File: figures/freccia_trasparente.png Graphic file (type png)

<use figures/freccia_trasparente.png>
Package pdftex.def Info: figures/freccia_trasparente.png used on input line 299
.
(pdftex.def)             Requested size: 12.71129pt x 13.65816pt.
File: figures/barra_alta.png Graphic file (type png)
 <use figures/barra_alta.png>
Package pdftex.def Info: figures/barra_alta.png used on input line 299.
(pdftex.def)             Requested size: 364.19536pt x 3.88191pt.
File: figures/barra_down.png Graphic file (type png)

<use figures/barra_down.png>
Package pdftex.def Info: figures/barra_down.png used on input line 299.
(pdftex.def)             Requested size: 109.2597pt x 9.88963pt.

Overfull \hbox (36.42175pt too wide) has occurred while \output is active
[][]  
 []

[27

 <./images/wfqi.png>]
File: images/wfqi.png Graphic file (type png)
 <use images/wfqi.png>
Package pdftex.def Info: images/wfqi.png used on input line 299.
(pdftex.def)             Requested size: 303.53119pt x 161.25095pt.
File: figures/freccia_trasparente.png Graphic file (type png)

<use figures/freccia_trasparente.png>
Package pdftex.def Info: figures/freccia_trasparente.png used on input line 299
.
(pdftex.def)             Requested size: 12.71129pt x 13.65816pt.
File: figures/barra_alta.png Graphic file (type png)
 <use figures/barra_alta.png>
Package pdftex.def Info: figures/barra_alta.png used on input line 299.
(pdftex.def)             Requested size: 364.19536pt x 3.88191pt.
File: figures/barra_down.png Graphic file (type png)

<use figures/barra_down.png>
Package pdftex.def Info: figures/barra_down.png used on input line 299.
(pdftex.def)             Requested size: 109.2597pt x 9.88963pt.

Overfull \hbox (36.42175pt too wide) has occurred while \output is active
[][]  
 []

[28

]
\tf@nav=\write6
\openout6 = `thesislide.nav'.

\tf@toc=\write7
\openout7 = `thesislide.toc'.

\tf@snm=\write8
\openout8 = `thesislide.snm'.

Package atveryend Info: Empty hook `BeforeClearDocument' on input line 301.
Package atveryend Info: Empty hook `AfterLastShipout' on input line 301.
 (/Users/andrea/Desktop/Dropbox/Appunti/Thesis/slides/.latex/thesislide.aux)
Package atveryend Info: Executing hook `AtVeryEndDocument' on input line 301.
Package atveryend Info: Executing hook `AtEndAfterFileList' on input line 301.
Package rerunfilecheck Info: File `thesislide.out' has not changed.
(rerunfilecheck)             Checksum: 47379FF387FCDFE5BFA506730BF38D71;850.


LaTeX Font Warning: Size substitutions with differences
(Font)              up to 1.0pt have occurred.


LaTeX Font Warning: Some font shapes were not available, defaults substituted.


LaTeX Warning: There were multiply-defined labels.

 ) 
Here is how much of TeX's memory you used:
 21710 strings out of 493013
 419939 string characters out of 6133344
 489094 words of memory out of 5000000
 24646 multiletter control sequences out of 15000+600000
 19233 words of font info for 53 fonts, out of 8000000 for 9000
 1141 hyphenation exceptions out of 8191
 56i,19n,59p,776b,975s stack positions out of 5000i,500n,10000p,200000b,80000s
{/usr/local/texlive/2016/texmf-dist/fonts/enc/dvips/cm-super/cm-super-t1.enc}
</usr/local/texlive/2016/texmf-dist/fonts/type1/public/amsfonts/cm/cmex10.pfb><
/usr/local/texlive/2016/texmf-dist/fonts/type1/public/amsfonts/cm/cmmi10.pfb></
usr/local/texlive/2016/texmf-dist/fonts/type1/public/amsfonts/cm/cmmi6.pfb></us
r/local/texlive/2016/texmf-dist/fonts/type1/public/amsfonts/cm/cmmi8.pfb></usr/
local/texlive/2016/texmf-dist/fonts/type1/public/amsfonts/cm/cmr10.pfb></usr/lo
cal/texlive/2016/texmf-dist/fonts/type1/public/amsfonts/cm/cmr6.pfb></usr/local
/texlive/2016/texmf-dist/fonts/type1/public/amsfonts/cm/cmr8.pfb></usr/local/te
xlive/2016/texmf-dist/fonts/type1/public/amsfonts/cm/cmsy10.pfb></usr/local/tex
live/2016/texmf-dist/fonts/type1/public/amsfonts/cm/cmsy8.pfb></usr/local/texli
ve/2016/texmf-dist/fonts/type1/public/amsfonts/symbols/msbm10.pfb></usr/local/t
exlive/2016/texmf-dist/fonts/type1/public/cm-super/sfsi1000.pfb></usr/local/tex
live/2016/texmf-dist/fonts/type1/public/cm-super/sfsi1095.pfb></usr/local/texli
ve/2016/texmf-dist/fonts/type1/public/cm-super/sfso1095.pfb></usr/local/texlive
/2016/texmf-dist/fonts/type1/public/cm-super/sfss0600.pfb></usr/local/texlive/2
016/texmf-dist/fonts/type1/public/cm-super/sfss1000.pfb></usr/local/texlive/201
6/texmf-dist/fonts/type1/public/cm-super/sfss1095.pfb></usr/local/texlive/2016/
texmf-dist/fonts/type1/public/cm-super/sfss1440.pfb></usr/local/texlive/2016/te
xmf-dist/fonts/type1/public/cm-super/sfsx1095.pfb></usr/local/texlive/2016/texm
f-dist/fonts/type1/public/cm-super/sfsx1440.pfb>
Output written on /Users/andrea/Desktop/Dropbox/Appunti/Thesis/slides/.latex/th
esislide.pdf (28 pages, 1256668 bytes).
PDF statistics:
 1130 PDF objects out of 1200 (max. 8388607)
 910 compressed objects within 10 object streams
 75 named destinations out of 1000 (max. 500000)
 257 words of extra memory for PDF output out of 10000 (max. 10000000)

